24.11.2012 18:06:00 INFO  [org.onehippo.forge.jcrrunner.JcrHelper] Connecting to Hippo Repository at 'rmi://127.0.0.1:1099/hipporepository' : 
24.11.2012 18:06:00 INFO  [org.onehippo.forge.jcrrunner.Runner] Runner starting.
24.11.2012 18:06:00 INFO  [org.onehippo.forge.jcrrunner.plugins.AbstractRunnerPlugin] Starting plugin createproductsplugin
24.11.2012 18:06:00 INFO  [org.onehippo.forge.jcrrunner.plugins.AbstractRunnerPlugin] VisitStart node /content/documents/hippogogreen/products/food/2011/11/tamaras-ratatouille
24.11.2012 18:06:01 INFO  [org.onehippo.forge.jcrrunner.plugins.AbstractRunnerPlugin] VisitEnd node /content/documents/hippogogreen/products/food/2011/11/tamaras-ratatouille
24.11.2012 18:06:01 INFO  [org.onehippo.forge.jcrrunner.Runner] No query set. Skipping query visitor.
24.11.2012 18:06:01 INFO  [org.onehippo.forge.jcrrunner.Runner] Runner finished.
24.11.2012 18:06:01 INFO  [org.onehippo.forge.jcrrunner.JcrHelper] Disconnecting from 'rmi://127.0.0.1:1099/hipporepository' : 
24.11.2012 18:06:06 INFO  [org.onehippo.forge.jcrrunner.JcrHelper] Connecting to Hippo Repository at 'rmi://127.0.0.1:1099/hipporepository' : 
24.11.2012 18:06:06 INFO  [org.onehippo.forge.jcrrunner.Runner] Runner starting.
24.11.2012 18:06:06 INFO  [org.onehippo.forge.jcrrunner.plugins.AbstractRunnerPlugin] Starting plugin createproductsplugin
24.11.2012 18:06:06 INFO  [org.onehippo.forge.jcrrunner.plugins.AbstractRunnerPlugin] VisitStart node /content/documents/hippogogreen/products/food/2011/11/tamaras-ratatouille
24.11.2012 18:07:02 INFO  [org.onehippo.forge.jcrrunner.plugins.AbstractRunnerPlugin] VisitEnd node /content/documents/hippogogreen/products/food/2011/11/tamaras-ratatouille
24.11.2012 18:07:02 INFO  [org.onehippo.forge.jcrrunner.Runner] No query set. Skipping query visitor.
24.11.2012 18:07:02 INFO  [org.onehippo.forge.jcrrunner.Runner] Runner finished.
24.11.2012 18:07:02 INFO  [org.onehippo.forge.jcrrunner.JcrHelper] Disconnecting from 'rmi://127.0.0.1:1099/hipporepository' : 
24.11.2012 18:07:15 INFO  [org.onehippo.forge.jcrrunner.JcrHelper] Connecting to Hippo Repository at 'rmi://127.0.0.1:1099/hipporepository' : 
24.11.2012 18:07:15 INFO  [org.onehippo.forge.jcrrunner.Runner] Runner starting.
24.11.2012 18:07:15 INFO  [org.onehippo.forge.jcrrunner.plugins.AbstractRunnerPlugin] Starting plugin createproductsplugin
24.11.2012 18:07:15 INFO  [org.onehippo.forge.jcrrunner.plugins.AbstractRunnerPlugin] VisitStart node /content/documents/hippogogreen/products/food/2011/11/tamaras-ratatouille
24.11.2012 18:07:15 INFO  [org.onehippo.forge.jcrrunner.plugins.AbstractRunnerPlugin] VisitEnd node /content/documents/hippogogreen/products/food/2011/11/tamaras-ratatouille
24.11.2012 18:07:15 INFO  [org.onehippo.forge.jcrrunner.Runner] No query set. Skipping query visitor.
24.11.2012 18:07:15 INFO  [org.onehippo.forge.jcrrunner.Runner] Runner finished.
24.11.2012 18:07:15 INFO  [org.onehippo.forge.jcrrunner.JcrHelper] Disconnecting from 'rmi://127.0.0.1:1099/hipporepository' : 
24.11.2012 18:08:11 INFO  [com.konakartadmin.ws.KKAdminEngineMgr] Create: com.konakartadmin.bl.KKAdmin using AdminEngineConfig constructor for store 'store1'
24.11.2012 18:08:11 INFO  [com.konakartadmin.bl.KKAdminBase] Initialising KKAdmin Engine for store store1
24.11.2012 18:11:39 INFO  [com.konakartadmin.ws.KKAdminEngineMgr] Create: com.konakartadmin.bl.KKAdmin using AdminEngineConfig constructor for store 'store1'
24.11.2012 18:11:39 INFO  [com.konakartadmin.bl.KKAdminBase] Initialising KKAdmin Engine for store store1
24.11.2012 19:40:46 INFO  [org.onehippo.forge.jcrrunner.JcrHelper] Connecting to Hippo Repository at 'rmi://127.0.0.1:1099/hipporepository' : 
24.11.2012 19:40:46 INFO  [org.onehippo.forge.jcrrunner.Runner] Runner starting.
24.11.2012 19:40:46 INFO  [org.onehippo.forge.jcrrunner.plugins.AbstractRunnerPlugin] Starting plugin createproductsplugin
24.11.2012 19:40:46 INFO  [org.onehippo.forge.jcrrunner.plugins.AbstractRunnerPlugin] VisitStart node /content/documents/hippogogreen/products/food/2011/11/tamaras-ratatouille
24.11.2012 21:00:20 WARN  [org.apache.jackrabbit.rmi.client.ClientSession] Failed to test remote session state
java.rmi.NoSuchObjectException: no such object in table
	at sun.rmi.transport.StreamRemoteCall.exceptionReceivedFromServer(StreamRemoteCall.java:273)
	at sun.rmi.transport.StreamRemoteCall.executeCall(StreamRemoteCall.java:251)
	at sun.rmi.server.UnicastRef.invoke(UnicastRef.java:160)
	at java.rmi.server.RemoteObjectInvocationHandler.invokeRemoteMethod(RemoteObjectInvocationHandler.java:194)
	at java.rmi.server.RemoteObjectInvocationHandler.invoke(RemoteObjectInvocationHandler.java:148)
	at $Proxy1.isLive(Unknown Source)
	at org.apache.jackrabbit.rmi.client.ClientSession.isLive(ClientSession.java:556)
	at org.onehippo.forge.jcrrunner.JcrHelper.isConnected(JcrHelper.java:70)
	at org.onehippo.forge.jcrrunner.JcrHelper.connect(JcrHelper.java:117)
	at org.onehippo.forge.jcrrunner.JcrHelper.refresh(JcrHelper.java:154)
	at org.onehippo.forge.jcrrunner.Runner.recursiveVisit(Runner.java:162)
	at org.onehippo.forge.jcrrunner.Runner.recursiveVisit(Runner.java:178)
	at org.onehippo.forge.jcrrunner.Runner.runPathVisitor(Runner.java:198)
	at org.onehippo.forge.jcrrunner.Runner.start(Runner.java:246)
	at org.onehippo.cms7.hst.hippokart.gogreen.hippo.HippoHelper.startSynchro(HippoHelper.java:49)
	at org.onehippo.cms7.hst.hippokart.gogreen.SynchronizeGoGreenData.main(SynchronizeGoGreenData.java:106)
24.11.2012 21:00:20 ERROR [org.onehippo.forge.jcrrunner.JcrHelper] Error while refresing the session.
org.apache.jackrabbit.rmi.client.RemoteRepositoryException: java.rmi.NoSuchObjectException: no such object in table
	at org.apache.jackrabbit.rmi.client.ClientSession.refresh(ClientSession.java:283)
	at org.onehippo.forge.jcrrunner.JcrHelper.refresh(JcrHelper.java:156)
	at org.onehippo.forge.jcrrunner.Runner.recursiveVisit(Runner.java:162)
	at org.onehippo.forge.jcrrunner.Runner.recursiveVisit(Runner.java:178)
	at org.onehippo.forge.jcrrunner.Runner.runPathVisitor(Runner.java:198)
	at org.onehippo.forge.jcrrunner.Runner.start(Runner.java:246)
	at org.onehippo.cms7.hst.hippokart.gogreen.hippo.HippoHelper.startSynchro(HippoHelper.java:49)
	at org.onehippo.cms7.hst.hippokart.gogreen.SynchronizeGoGreenData.main(SynchronizeGoGreenData.java:106)
Caused by: java.rmi.NoSuchObjectException: no such object in table
	at sun.rmi.transport.StreamRemoteCall.exceptionReceivedFromServer(StreamRemoteCall.java:273)
	at sun.rmi.transport.StreamRemoteCall.executeCall(StreamRemoteCall.java:251)
	at sun.rmi.server.UnicastRef.invoke(UnicastRef.java:160)
	at java.rmi.server.RemoteObjectInvocationHandler.invokeRemoteMethod(RemoteObjectInvocationHandler.java:194)
	at java.rmi.server.RemoteObjectInvocationHandler.invoke(RemoteObjectInvocationHandler.java:148)
	at $Proxy1.refresh(Unknown Source)
	at org.apache.jackrabbit.rmi.client.ClientSession.refresh(ClientSession.java:281)
	... 7 more
24.11.2012 21:00:20 WARN  [org.apache.jackrabbit.rmi.client.ClientSession] Failed to test remote session state
java.rmi.NoSuchObjectException: no such object in table
	at sun.rmi.transport.StreamRemoteCall.exceptionReceivedFromServer(StreamRemoteCall.java:273)
	at sun.rmi.transport.StreamRemoteCall.executeCall(StreamRemoteCall.java:251)
	at sun.rmi.server.UnicastRef.invoke(UnicastRef.java:160)
	at java.rmi.server.RemoteObjectInvocationHandler.invokeRemoteMethod(RemoteObjectInvocationHandler.java:194)
	at java.rmi.server.RemoteObjectInvocationHandler.invoke(RemoteObjectInvocationHandler.java:148)
	at $Proxy1.isLive(Unknown Source)
	at org.apache.jackrabbit.rmi.client.ClientSession.isLive(ClientSession.java:556)
	at org.onehippo.forge.jcrrunner.JcrHelper.isConnected(JcrHelper.java:70)
	at org.onehippo.forge.jcrrunner.JcrHelper.connect(JcrHelper.java:117)
	at org.onehippo.forge.jcrrunner.JcrHelper.getNode(JcrHelper.java:209)
	at org.onehippo.forge.jcrrunner.Runner.recursiveVisit(Runner.java:164)
	at org.onehippo.forge.jcrrunner.Runner.recursiveVisit(Runner.java:178)
	at org.onehippo.forge.jcrrunner.Runner.runPathVisitor(Runner.java:198)
	at org.onehippo.forge.jcrrunner.Runner.start(Runner.java:246)
	at org.onehippo.cms7.hst.hippokart.gogreen.hippo.HippoHelper.startSynchro(HippoHelper.java:49)
	at org.onehippo.cms7.hst.hippokart.gogreen.SynchronizeGoGreenData.main(SynchronizeGoGreenData.java:106)
24.11.2012 21:00:20 ERROR [org.onehippo.forge.jcrrunner.Runner] Error while running the plugins
org.apache.jackrabbit.rmi.client.RemoteRepositoryException: java.rmi.NoSuchObjectException: no such object in table
	at org.apache.jackrabbit.rmi.client.ClientSession.getRootNode(ClientSession.java:175)
	at org.onehippo.forge.jcrrunner.JcrHelper.getNode(JcrHelper.java:219)
	at org.onehippo.forge.jcrrunner.Runner.recursiveVisit(Runner.java:164)
	at org.onehippo.forge.jcrrunner.Runner.recursiveVisit(Runner.java:178)
	at org.onehippo.forge.jcrrunner.Runner.runPathVisitor(Runner.java:198)
	at org.onehippo.forge.jcrrunner.Runner.start(Runner.java:246)
	at org.onehippo.cms7.hst.hippokart.gogreen.hippo.HippoHelper.startSynchro(HippoHelper.java:49)
	at org.onehippo.cms7.hst.hippokart.gogreen.SynchronizeGoGreenData.main(SynchronizeGoGreenData.java:106)
Caused by: java.rmi.NoSuchObjectException: no such object in table
	at sun.rmi.transport.StreamRemoteCall.exceptionReceivedFromServer(StreamRemoteCall.java:273)
	at sun.rmi.transport.StreamRemoteCall.executeCall(StreamRemoteCall.java:251)
	at sun.rmi.server.UnicastRef.invoke(UnicastRef.java:160)
	at java.rmi.server.RemoteObjectInvocationHandler.invokeRemoteMethod(RemoteObjectInvocationHandler.java:194)
	at java.rmi.server.RemoteObjectInvocationHandler.invoke(RemoteObjectInvocationHandler.java:148)
	at $Proxy1.getRootNode(Unknown Source)
	at org.apache.jackrabbit.rmi.client.ClientSession.getRootNode(ClientSession.java:173)
	... 7 more
24.11.2012 21:00:20 INFO  [org.onehippo.forge.jcrrunner.plugins.AbstractRunnerPlugin] Stopping plugin createproductsplugin
24.11.2012 21:00:20 INFO  [org.onehippo.forge.jcrrunner.Runner] Runner finished.
24.11.2012 21:00:20 WARN  [org.apache.jackrabbit.rmi.client.ClientSession] Failed to test remote session state
java.rmi.NoSuchObjectException: no such object in table
	at sun.rmi.transport.StreamRemoteCall.exceptionReceivedFromServer(StreamRemoteCall.java:273)
	at sun.rmi.transport.StreamRemoteCall.executeCall(StreamRemoteCall.java:251)
	at sun.rmi.server.UnicastRef.invoke(UnicastRef.java:160)
	at java.rmi.server.RemoteObjectInvocationHandler.invokeRemoteMethod(RemoteObjectInvocationHandler.java:194)
	at java.rmi.server.RemoteObjectInvocationHandler.invoke(RemoteObjectInvocationHandler.java:148)
	at $Proxy1.isLive(Unknown Source)
	at org.apache.jackrabbit.rmi.client.ClientSession.isLive(ClientSession.java:556)
	at org.onehippo.forge.jcrrunner.JcrHelper.isConnected(JcrHelper.java:70)
	at org.onehippo.forge.jcrrunner.JcrHelper.disconnect(JcrHelper.java:168)
	at org.onehippo.cms7.hst.hippokart.gogreen.hippo.HippoHelper$ShutdownHook.run(HippoHelper.java:60)
24.11.2012 21:00:20 INFO  [org.onehippo.forge.jcrrunner.JcrHelper] Disconnecting from 'rmi://127.0.0.1:1099/hipporepository' : 
24.11.2012 21:00:20 WARN  [org.apache.jackrabbit.rmi.client.ClientSession] Failed to test remote session state
java.rmi.NoSuchObjectException: no such object in table
	at sun.rmi.transport.StreamRemoteCall.exceptionReceivedFromServer(StreamRemoteCall.java:273)
	at sun.rmi.transport.StreamRemoteCall.executeCall(StreamRemoteCall.java:251)
	at sun.rmi.server.UnicastRef.invoke(UnicastRef.java:160)
	at java.rmi.server.RemoteObjectInvocationHandler.invokeRemoteMethod(RemoteObjectInvocationHandler.java:194)
	at java.rmi.server.RemoteObjectInvocationHandler.invoke(RemoteObjectInvocationHandler.java:148)
	at $Proxy1.isLive(Unknown Source)
	at org.apache.jackrabbit.rmi.client.ClientSession.isLive(ClientSession.java:556)
	at org.apache.jackrabbit.rmi.client.ClientSession.logout(ClientSession.java:403)
	at org.onehippo.forge.jcrrunner.JcrHelper.disconnect(JcrHelper.java:170)
	at org.onehippo.cms7.hst.hippokart.gogreen.hippo.HippoHelper$ShutdownHook.run(HippoHelper.java:60)
24.11.2012 21:05:16 INFO  [org.onehippo.forge.jcrrunner.JcrHelper] Connecting to Hippo Repository at 'rmi://127.0.0.1:1099/hipporepository' : 
24.11.2012 21:05:16 INFO  [org.onehippo.forge.jcrrunner.Runner] Runner starting.
24.11.2012 21:05:16 INFO  [org.onehippo.forge.jcrrunner.plugins.AbstractRunnerPlugin] Starting plugin createproductsplugin
24.11.2012 21:05:16 INFO  [org.onehippo.forge.jcrrunner.plugins.AbstractRunnerPlugin] VisitStart node /content/documents/hippogogreen/products/food/2011/11/tamaras-ratatouille
24.11.2012 21:14:22 INFO  [org.onehippo.forge.jcrrunner.JcrHelper] Connecting to Hippo Repository at 'rmi://127.0.0.1:1099/hipporepository' : 
24.11.2012 21:14:22 INFO  [org.onehippo.forge.jcrrunner.Runner] Runner starting.
24.11.2012 21:14:22 INFO  [org.onehippo.forge.jcrrunner.plugins.AbstractRunnerPlugin] Starting plugin createproductsplugin
24.11.2012 21:14:22 INFO  [org.onehippo.forge.jcrrunner.plugins.AbstractRunnerPlugin] VisitStart node /content/documents/hippogogreen/products/food/2011/11/tamaras-ratatouille
24.11.2012 21:39:30 INFO  [com.konakartadmin.ws.KKAdminEngineMgr] Create: com.konakartadmin.bl.KKAdmin using AdminEngineConfig constructor for store 'store1'
24.11.2012 21:39:30 INFO  [com.konakartadmin.bl.KKAdminBase] Initialising KKAdmin Engine for store store1
24.11.2012 21:39:48 INFO  [com.konakartadmin.ws.KKAdminEngineMgr] Create: com.konakartadmin.bl.KKAdmin using AdminEngineConfig constructor for store 'store1'
24.11.2012 21:39:48 INFO  [com.konakartadmin.bl.KKAdminBase] Initialising KKAdmin Engine for store store1
24.11.2012 21:40:58 INFO  [com.konakartadmin.ws.KKAdminEngineMgr] Create: com.konakartadmin.bl.KKAdmin using AdminEngineConfig constructor for store 'store1'
24.11.2012 21:40:58 INFO  [com.konakartadmin.bl.KKAdminBase] Initialising KKAdmin Engine for store store1
24.11.2012 22:00:37 INFO  [com.konakartadmin.ws.KKAdminEngineMgr] Create: com.konakartadmin.bl.KKAdmin using AdminEngineConfig constructor for store 'store1'
24.11.2012 22:00:37 INFO  [com.konakartadmin.bl.KKAdminBase] Initialising KKAdmin Engine for store store1
24.11.2012 22:02:30 INFO  [com.konakartadmin.ws.KKAdminEngineMgr] Create: com.konakartadmin.bl.KKAdmin using AdminEngineConfig constructor for store 'store1'
24.11.2012 22:02:30 INFO  [com.konakartadmin.bl.KKAdminBase] Initialising KKAdmin Engine for store store1
24.11.2012 22:10:37 INFO  [com.konakartadmin.ws.KKAdminEngineMgr] Create: com.konakartadmin.bl.KKAdmin using AdminEngineConfig constructor for store 'store1'
24.11.2012 22:10:37 INFO  [com.konakartadmin.bl.KKAdminBase] Initialising KKAdmin Engine for store store1
24.11.2012 22:13:15 INFO  [com.konakartadmin.ws.KKAdminEngineMgr] Create: com.konakartadmin.bl.KKAdmin using AdminEngineConfig constructor for store 'store1'
24.11.2012 22:13:15 INFO  [com.konakartadmin.bl.KKAdminBase] Initialising KKAdmin Engine for store store1
24.11.2012 22:15:52 INFO  [com.konakartadmin.ws.KKAdminEngineMgr] Create: com.konakartadmin.bl.KKAdmin using AdminEngineConfig constructor for store 'store1'
24.11.2012 22:15:52 INFO  [com.konakartadmin.bl.KKAdminBase] Initialising KKAdmin Engine for store store1
24.11.2012 22:17:13 INFO  [com.konakartadmin.ws.KKAdminEngineMgr] Create: com.konakartadmin.bl.KKAdmin using AdminEngineConfig constructor for store 'store1'
24.11.2012 22:17:13 INFO  [com.konakartadmin.bl.KKAdminBase] Initialising KKAdmin Engine for store store1
24.11.2012 22:19:02 INFO  [com.konakartadmin.ws.KKAdminEngineMgr] Create: com.konakartadmin.bl.KKAdmin using AdminEngineConfig constructor for store 'store1'
24.11.2012 22:19:02 INFO  [com.konakartadmin.bl.KKAdminBase] Initialising KKAdmin Engine for store store1
25.11.2012 11:01:50 INFO  [com.konakartadmin.ws.KKAdminEngineMgr] Create: com.konakartadmin.bl.KKAdmin using AdminEngineConfig constructor for store 'store1'
25.11.2012 11:01:50 INFO  [com.konakartadmin.bl.KKAdminBase] Initialising KKAdmin Engine for store store1
25.11.2012 11:03:24 INFO  [com.konakartadmin.ws.KKAdminEngineMgr] Create: com.konakartadmin.bl.KKAdmin using AdminEngineConfig constructor for store 'store1'
25.11.2012 11:03:24 INFO  [com.konakartadmin.bl.KKAdminBase] Initialising KKAdmin Engine for store store1
25.11.2012 11:04:58 INFO  [com.konakartadmin.ws.KKAdminEngineMgr] Create: com.konakartadmin.bl.KKAdmin using AdminEngineConfig constructor for store 'store1'
25.11.2012 11:04:58 INFO  [com.konakartadmin.bl.KKAdminBase] Initialising KKAdmin Engine for store store1
25.11.2012 11:12:56 INFO  [com.konakartadmin.ws.KKAdminEngineMgr] Create: com.konakartadmin.bl.KKAdmin using AdminEngineConfig constructor for store 'store1'
25.11.2012 11:12:56 INFO  [com.konakartadmin.bl.KKAdminBase] Initialising KKAdmin Engine for store store1
25.11.2012 11:15:15 INFO  [com.konakartadmin.ws.KKAdminEngineMgr] Create: com.konakartadmin.bl.KKAdmin using AdminEngineConfig constructor for store 'store1'
25.11.2012 11:15:15 INFO  [com.konakartadmin.bl.KKAdminBase] Initialising KKAdmin Engine for store store1
25.11.2012 11:22:31 INFO  [com.konakartadmin.ws.KKAdminEngineMgr] Create: com.konakartadmin.bl.KKAdmin using AdminEngineConfig constructor for store 'store1'
25.11.2012 11:22:31 INFO  [com.konakartadmin.bl.KKAdminBase] Initialising KKAdmin Engine for store store1
25.11.2012 11:25:03 INFO  [com.konakartadmin.ws.KKAdminEngineMgr] Create: com.konakartadmin.bl.KKAdmin using AdminEngineConfig constructor for store 'store1'
25.11.2012 11:25:03 INFO  [com.konakartadmin.bl.KKAdminBase] Initialising KKAdmin Engine for store store1
25.11.2012 11:29:44 INFO  [com.konakartadmin.ws.KKAdminEngineMgr] Create: com.konakartadmin.bl.KKAdmin using AdminEngineConfig constructor for store 'store1'
25.11.2012 11:29:44 INFO  [com.konakartadmin.bl.KKAdminBase] Initialising KKAdmin Engine for store store1
25.11.2012 11:37:43 INFO  [com.konakartadmin.ws.KKAdminEngineMgr] Create: com.konakartadmin.bl.KKAdmin using AdminEngineConfig constructor for store 'store1'
25.11.2012 11:37:43 INFO  [com.konakartadmin.bl.KKAdminBase] Initialising KKAdmin Engine for store store1
25.11.2012 11:39:18 INFO  [com.konakartadmin.ws.KKAdminEngineMgr] Create: com.konakartadmin.bl.KKAdmin using AdminEngineConfig constructor for store 'store1'
25.11.2012 11:39:18 INFO  [com.konakartadmin.bl.KKAdminBase] Initialising KKAdmin Engine for store store1
25.11.2012 11:41:24 INFO  [com.konakartadmin.ws.KKAdminEngineMgr] Create: com.konakartadmin.bl.KKAdmin using AdminEngineConfig constructor for store 'store1'
25.11.2012 11:41:24 INFO  [com.konakartadmin.bl.KKAdminBase] Initialising KKAdmin Engine for store store1
25.11.2012 11:44:48 INFO  [com.konakartadmin.ws.KKAdminEngineMgr] Create: com.konakartadmin.bl.KKAdmin using AdminEngineConfig constructor for store 'store1'
25.11.2012 11:44:48 INFO  [com.konakartadmin.bl.KKAdminBase] Initialising KKAdmin Engine for store store1
25.11.2012 11:46:22 INFO  [com.konakartadmin.ws.KKAdminEngineMgr] Create: com.konakartadmin.bl.KKAdmin using AdminEngineConfig constructor for store 'store1'
25.11.2012 11:46:22 INFO  [com.konakartadmin.bl.KKAdminBase] Initialising KKAdmin Engine for store store1
25.11.2012 11:51:31 INFO  [com.konakartadmin.ws.KKAdminEngineMgr] Create: com.konakartadmin.bl.KKAdmin using AdminEngineConfig constructor for store 'store1'
25.11.2012 11:51:31 INFO  [com.konakartadmin.bl.KKAdminBase] Initialising KKAdmin Engine for store store1
25.11.2012 11:54:43 INFO  [com.konakartadmin.ws.KKAdminEngineMgr] Create: com.konakartadmin.bl.KKAdmin using AdminEngineConfig constructor for store 'store1'
25.11.2012 11:54:43 INFO  [com.konakartadmin.bl.KKAdminBase] Initialising KKAdmin Engine for store store1
25.11.2012 11:58:14 INFO  [com.konakartadmin.ws.KKAdminEngineMgr] Create: com.konakartadmin.bl.KKAdmin using AdminEngineConfig constructor for store 'store1'
25.11.2012 11:58:14 INFO  [com.konakartadmin.bl.KKAdminBase] Initialising KKAdmin Engine for store store1
25.11.2012 12:01:28 INFO  [com.konakartadmin.ws.KKAdminEngineMgr] Create: com.konakartadmin.bl.KKAdmin using AdminEngineConfig constructor for store 'store1'
25.11.2012 12:01:28 INFO  [com.konakartadmin.bl.KKAdminBase] Initialising KKAdmin Engine for store store1
25.11.2012 12:04:11 INFO  [com.konakartadmin.ws.KKAdminEngineMgr] Create: com.konakartadmin.bl.KKAdmin using AdminEngineConfig constructor for store 'store1'
25.11.2012 12:04:11 INFO  [com.konakartadmin.bl.KKAdminBase] Initialising KKAdmin Engine for store store1
25.11.2012 12:14:28 INFO  [com.konakartadmin.ws.KKAdminEngineMgr] Create: com.konakartadmin.bl.KKAdmin using AdminEngineConfig constructor for store 'store1'
25.11.2012 12:14:28 INFO  [com.konakartadmin.bl.KKAdminBase] Initialising KKAdmin Engine for store store1
25.11.2012 12:16:22 INFO  [com.konakartadmin.ws.KKAdminEngineMgr] Create: com.konakartadmin.bl.KKAdmin using AdminEngineConfig constructor for store 'store1'
25.11.2012 12:16:22 INFO  [com.konakartadmin.bl.KKAdminBase] Initialising KKAdmin Engine for store store1
25.11.2012 12:23:18 INFO  [com.konakartadmin.ws.KKAdminEngineMgr] Create: com.konakartadmin.bl.KKAdmin using AdminEngineConfig constructor for store 'store1'
25.11.2012 12:23:18 INFO  [com.konakartadmin.bl.KKAdminBase] Initialising KKAdmin Engine for store store1
25.11.2012 12:24:39 INFO  [com.konakartadmin.ws.KKAdminEngineMgr] Create: com.konakartadmin.bl.KKAdmin using AdminEngineConfig constructor for store 'store1'
25.11.2012 12:24:39 INFO  [com.konakartadmin.bl.KKAdminBase] Initialising KKAdmin Engine for store store1
25.11.2012 12:27:12 INFO  [com.konakartadmin.ws.KKAdminEngineMgr] Create: com.konakartadmin.bl.KKAdmin using AdminEngineConfig constructor for store 'store1'
25.11.2012 12:27:12 INFO  [com.konakartadmin.bl.KKAdminBase] Initialising KKAdmin Engine for store store1
26.11.2012 20:01:13 INFO  [org.onehippo.forge.jcrrunner.JcrHelper] Connecting to Hippo Repository at 'rmi://127.0.0.1:1099/hipporepository' : 
26.11.2012 20:01:13 ERROR [org.onehippo.forge.jcrrunner.JcrHelper] Remote error while connection to server: rmi://127.0.0.1:1099/hipporepository
org.apache.jackrabbit.rmi.client.RemoteRepositoryException: java.rmi.ConnectIOException: Exception creating connection to: 192.168.67.209; nested exception is: 
	java.net.NoRouteToHostException: No route to host
	at org.apache.jackrabbit.rmi.client.SafeClientRepository.remoteLogin(SafeClientRepository.java:113)
	at org.apache.jackrabbit.rmi.client.SafeClientRepository.login(SafeClientRepository.java:121)
	at org.hippoecm.repository.HippoRepositoryImpl.login(HippoRepositoryImpl.java:113)
	at org.hippoecm.repository.HippoRepositoryImpl.login(HippoRepositoryImpl.java:126)
	at org.onehippo.forge.jcrrunner.JcrHelper.connect(JcrHelper.java:125)
	at org.onehippo.cms7.hst.hippokart.gogreen.hippo.HippoHelper.initialize(HippoHelper.java:25)
	at org.onehippo.cms7.hst.hippokart.gogreen.SynchronizeGoGreenData.main(SynchronizeGoGreenData.java:108)
	at sun.reflect.NativeMethodAccessorImpl.invoke0(Native Method)
	at sun.reflect.NativeMethodAccessorImpl.invoke(NativeMethodAccessorImpl.java:57)
	at sun.reflect.DelegatingMethodAccessorImpl.invoke(DelegatingMethodAccessorImpl.java:43)
	at java.lang.reflect.Method.invoke(Method.java:601)
	at com.intellij.rt.execution.application.AppMain.main(AppMain.java:120)
Caused by: java.rmi.ConnectIOException: Exception creating connection to: 192.168.67.209; nested exception is: 
	java.net.NoRouteToHostException: No route to host
	at sun.rmi.transport.tcp.TCPEndpoint.newSocket(TCPEndpoint.java:632)
	at sun.rmi.transport.tcp.TCPChannel.createConnection(TCPChannel.java:216)
	at sun.rmi.transport.tcp.TCPChannel.newConnection(TCPChannel.java:202)
	at sun.rmi.server.UnicastRef.invoke(UnicastRef.java:128)
	at java.rmi.server.RemoteObjectInvocationHandler.invokeRemoteMethod(RemoteObjectInvocationHandler.java:194)
	at java.rmi.server.RemoteObjectInvocationHandler.invoke(RemoteObjectInvocationHandler.java:148)
	at $Proxy0.login(Unknown Source)
	at org.apache.jackrabbit.rmi.client.SafeClientRepository.remoteLogin(SafeClientRepository.java:110)
	... 11 more
Caused by: java.net.NoRouteToHostException: No route to host
	at java.net.PlainSocketImpl.socketConnect(Native Method)
	at java.net.AbstractPlainSocketImpl.doConnect(AbstractPlainSocketImpl.java:339)
	at java.net.AbstractPlainSocketImpl.connectToAddress(AbstractPlainSocketImpl.java:200)
	at java.net.AbstractPlainSocketImpl.connect(AbstractPlainSocketImpl.java:182)
	at java.net.SocksSocketImpl.connect(SocksSocketImpl.java:391)
	at java.net.Socket.connect(Socket.java:579)
	at java.net.Socket.connect(Socket.java:528)
	at java.net.Socket.<init>(Socket.java:425)
	at java.net.Socket.<init>(Socket.java:208)
	at sun.rmi.transport.proxy.RMIDirectSocketFactory.createSocket(RMIDirectSocketFactory.java:40)
	at sun.rmi.transport.proxy.RMIMasterSocketFactory.createSocket(RMIMasterSocketFactory.java:146)
	at sun.rmi.transport.tcp.TCPEndpoint.newSocket(TCPEndpoint.java:613)
	... 18 more
26.11.2012 20:01:13 INFO  [org.onehippo.forge.jcrrunner.Runner] Runner starting.
26.11.2012 20:01:13 INFO  [org.onehippo.forge.jcrrunner.plugins.AbstractRunnerPlugin] Starting plugin createproductsplugin
26.11.2012 20:01:13 INFO  [org.onehippo.forge.jcrrunner.JcrHelper] Connecting to Hippo Repository at 'rmi://127.0.0.1:1099/hipporepository' : 
26.11.2012 20:01:13 ERROR [org.onehippo.forge.jcrrunner.JcrHelper] Remote error while connection to server: rmi://127.0.0.1:1099/hipporepository
org.apache.jackrabbit.rmi.client.RemoteRepositoryException: java.rmi.ConnectIOException: Exception creating connection to: 192.168.67.209; nested exception is: 
	java.net.NoRouteToHostException: No route to host
	at org.apache.jackrabbit.rmi.client.SafeClientRepository.remoteLogin(SafeClientRepository.java:113)
	at org.apache.jackrabbit.rmi.client.SafeClientRepository.login(SafeClientRepository.java:121)
	at org.hippoecm.repository.HippoRepositoryImpl.login(HippoRepositoryImpl.java:113)
	at org.hippoecm.repository.HippoRepositoryImpl.login(HippoRepositoryImpl.java:126)
	at org.onehippo.forge.jcrrunner.JcrHelper.connect(JcrHelper.java:125)
	at org.onehippo.forge.jcrrunner.JcrHelper.getNode(JcrHelper.java:209)
	at org.onehippo.forge.jcrrunner.Runner.runPathVisitor(Runner.java:195)
	at org.onehippo.forge.jcrrunner.Runner.start(Runner.java:246)
	at org.onehippo.cms7.hst.hippokart.gogreen.hippo.HippoHelper.startSynchro(HippoHelper.java:49)
	at org.onehippo.cms7.hst.hippokart.gogreen.SynchronizeGoGreenData.main(SynchronizeGoGreenData.java:111)
	at sun.reflect.NativeMethodAccessorImpl.invoke0(Native Method)
	at sun.reflect.NativeMethodAccessorImpl.invoke(NativeMethodAccessorImpl.java:57)
	at sun.reflect.DelegatingMethodAccessorImpl.invoke(DelegatingMethodAccessorImpl.java:43)
	at java.lang.reflect.Method.invoke(Method.java:601)
	at com.intellij.rt.execution.application.AppMain.main(AppMain.java:120)
Caused by: java.rmi.ConnectIOException: Exception creating connection to: 192.168.67.209; nested exception is: 
	java.net.NoRouteToHostException: No route to host
	at sun.rmi.transport.tcp.TCPEndpoint.newSocket(TCPEndpoint.java:632)
	at sun.rmi.transport.tcp.TCPChannel.createConnection(TCPChannel.java:216)
	at sun.rmi.transport.tcp.TCPChannel.newConnection(TCPChannel.java:202)
	at sun.rmi.server.UnicastRef.invoke(UnicastRef.java:128)
	at java.rmi.server.RemoteObjectInvocationHandler.invokeRemoteMethod(RemoteObjectInvocationHandler.java:194)
	at java.rmi.server.RemoteObjectInvocationHandler.invoke(RemoteObjectInvocationHandler.java:148)
	at $Proxy0.login(Unknown Source)
	at org.apache.jackrabbit.rmi.client.SafeClientRepository.remoteLogin(SafeClientRepository.java:110)
	... 14 more
Caused by: java.net.NoRouteToHostException: No route to host
	at java.net.PlainSocketImpl.socketConnect(Native Method)
	at java.net.AbstractPlainSocketImpl.doConnect(AbstractPlainSocketImpl.java:339)
	at java.net.AbstractPlainSocketImpl.connectToAddress(AbstractPlainSocketImpl.java:200)
	at java.net.AbstractPlainSocketImpl.connect(AbstractPlainSocketImpl.java:182)
	at java.net.SocksSocketImpl.connect(SocksSocketImpl.java:391)
	at java.net.Socket.connect(Socket.java:579)
	at java.net.Socket.connect(Socket.java:528)
	at java.net.Socket.<init>(Socket.java:425)
	at java.net.Socket.<init>(Socket.java:208)
	at sun.rmi.transport.proxy.RMIDirectSocketFactory.createSocket(RMIDirectSocketFactory.java:40)
	at sun.rmi.transport.proxy.RMIMasterSocketFactory.createSocket(RMIMasterSocketFactory.java:146)
	at sun.rmi.transport.tcp.TCPEndpoint.newSocket(TCPEndpoint.java:613)
	... 21 more
26.11.2012 20:39:36 INFO  [org.onehippo.forge.jcrrunner.JcrHelper] Connecting to Hippo Repository at 'rmi://127.0.0.1:1099/hipporepository' : 
26.11.2012 20:39:36 INFO  [org.onehippo.forge.jcrrunner.Runner] Runner starting.
26.11.2012 20:39:36 INFO  [org.onehippo.forge.jcrrunner.plugins.AbstractRunnerPlugin] Starting plugin createproductsplugin
26.11.2012 20:39:36 INFO  [org.onehippo.forge.jcrrunner.plugins.AbstractRunnerPlugin] VisitStart node /content/documents/hippogogreen/products
26.11.2012 20:39:43 INFO  [org.onehippo.forge.jcrrunner.JcrHelper] Disconnecting from 'rmi://127.0.0.1:1099/hipporepository' : 
26.11.2012 20:39:43 WARN  [org.onehippo.forge.jcrrunner.Runner] Error while trying to determine if the node is virtual: org.hippoecm.repository.decorating.client.ClientServicingNode. This usually happens with semi-virtual nodes, returning true: This session has been closed. See the chained exception for a trace of where the session was closed.
26.11.2012 20:39:43 WARN  [org.onehippo.forge.jcrrunner.Runner] Error while trying to determine if the node is virtual: org.hippoecm.repository.decorating.client.ClientServicingNode. This usually happens with semi-virtual nodes, returning true: This session has been closed. See the chained exception for a trace of where the session was closed.
26.11.2012 20:39:43 WARN  [org.onehippo.forge.jcrrunner.Runner] Error while trying to determine if the node is virtual: org.hippoecm.repository.decorating.client.ClientServicingNode. This usually happens with semi-virtual nodes, returning true: This session has been closed. See the chained exception for a trace of where the session was closed.
26.11.2012 20:39:43 WARN  [org.onehippo.forge.jcrrunner.Runner] Error while trying to determine if the node is virtual: org.hippoecm.repository.decorating.client.ClientServicingNode. This usually happens with semi-virtual nodes, returning true: This session has been closed. See the chained exception for a trace of where the session was closed.
26.11.2012 20:39:43 WARN  [org.onehippo.forge.jcrrunner.Runner] Error while trying to determine if the node is virtual: org.hippoecm.repository.decorating.client.ClientServicingNode. This usually happens with semi-virtual nodes, returning true: This session has been closed. See the chained exception for a trace of where the session was closed.
26.11.2012 20:39:56 INFO  [org.onehippo.forge.jcrrunner.JcrHelper] Connecting to Hippo Repository at 'rmi://127.0.0.1:1099/hipporepository' : 
26.11.2012 20:39:57 INFO  [org.onehippo.forge.jcrrunner.Runner] Runner starting.
26.11.2012 20:39:57 INFO  [org.onehippo.forge.jcrrunner.plugins.AbstractRunnerPlugin] Starting plugin createproductsplugin
26.11.2012 20:39:57 INFO  [org.onehippo.forge.jcrrunner.plugins.AbstractRunnerPlugin] VisitStart node /content/documents/hippogogreen/products
26.11.2012 20:46:03 INFO  [org.onehippo.forge.jcrrunner.JcrHelper] Connecting to Hippo Repository at 'rmi://127.0.0.1:1099/hipporepository' : 
26.11.2012 20:46:03 INFO  [org.onehippo.forge.jcrrunner.Runner] Runner starting.
26.11.2012 20:46:03 INFO  [org.onehippo.forge.jcrrunner.plugins.AbstractRunnerPlugin] Starting plugin createproductsplugin
26.11.2012 20:46:03 INFO  [org.onehippo.forge.jcrrunner.plugins.AbstractRunnerPlugin] VisitStart node /content/documents/hippogogreen/products
26.11.2012 20:48:36 INFO  [org.onehippo.forge.jcrrunner.JcrHelper] Connecting to Hippo Repository at 'rmi://127.0.0.1:1099/hipporepository' : 
26.11.2012 20:48:36 INFO  [org.onehippo.forge.jcrrunner.Runner] Runner starting.
26.11.2012 20:48:36 INFO  [org.onehippo.forge.jcrrunner.plugins.AbstractRunnerPlugin] Starting plugin createproductsplugin
26.11.2012 20:48:36 INFO  [org.onehippo.forge.jcrrunner.plugins.AbstractRunnerPlugin] VisitStart node /content/documents/hippogogreen/products
26.11.2012 20:58:43 INFO  [com.konakartadmin.ws.KKAdminEngineMgr] Create: com.konakartadmin.bl.KKAdmin using AdminEngineConfig constructor for store 'store1'
26.11.2012 20:58:43 INFO  [com.konakartadmin.bl.KKAdminBase] Initialising KKAdmin Engine for store store1
26.11.2012 21:01:25 INFO  [com.konakartadmin.ws.KKAdminEngineMgr] Create: com.konakartadmin.bl.KKAdmin using AdminEngineConfig constructor for store 'store1'
26.11.2012 21:01:25 INFO  [com.konakartadmin.bl.KKAdminBase] Initialising KKAdmin Engine for store store1
26.11.2012 21:03:18 INFO  [com.konakartadmin.ws.KKAdminEngineMgr] Create: com.konakartadmin.bl.KKAdmin using AdminEngineConfig constructor for store 'store1'
26.11.2012 21:03:18 INFO  [com.konakartadmin.bl.KKAdminBase] Initialising KKAdmin Engine for store store1
26.11.2012 21:04:11 INFO  [com.konakartadmin.ws.KKAdminEngineMgr] Create: com.konakartadmin.bl.KKAdmin using AdminEngineConfig constructor for store 'store1'
26.11.2012 21:04:11 INFO  [com.konakartadmin.bl.KKAdminBase] Initialising KKAdmin Engine for store store1
26.11.2012 21:06:17 INFO  [com.konakartadmin.ws.KKAdminEngineMgr] Create: com.konakartadmin.bl.KKAdmin using AdminEngineConfig constructor for store 'store1'
26.11.2012 21:06:17 INFO  [com.konakartadmin.bl.KKAdminBase] Initialising KKAdmin Engine for store store1
26.11.2012 21:08:55 INFO  [com.konakartadmin.ws.KKAdminEngineMgr] Create: com.konakartadmin.bl.KKAdmin using AdminEngineConfig constructor for store 'store1'
26.11.2012 21:08:55 INFO  [com.konakartadmin.bl.KKAdminBase] Initialising KKAdmin Engine for store store1
26.11.2012 21:13:26 INFO  [com.konakartadmin.ws.KKAdminEngineMgr] Create: com.konakartadmin.bl.KKAdmin using AdminEngineConfig constructor for store 'store1'
26.11.2012 21:13:26 INFO  [com.konakartadmin.bl.KKAdminBase] Initialising KKAdmin Engine for store store1
26.11.2012 21:19:54 INFO  [com.konakartadmin.ws.KKAdminEngineMgr] Create: com.konakartadmin.bl.KKAdmin using AdminEngineConfig constructor for store 'store1'
26.11.2012 21:19:54 INFO  [com.konakartadmin.bl.KKAdminBase] Initialising KKAdmin Engine for store store1
26.11.2012 21:20:27 INFO  [com.konakartadmin.ws.KKAdminEngineMgr] Create: com.konakartadmin.bl.KKAdmin using AdminEngineConfig constructor for store 'store1'
26.11.2012 21:20:27 INFO  [com.konakartadmin.bl.KKAdminBase] Initialising KKAdmin Engine for store store1
26.11.2012 21:22:03 INFO  [com.konakartadmin.ws.KKAdminEngineMgr] Create: com.konakartadmin.bl.KKAdmin using AdminEngineConfig constructor for store 'store1'
26.11.2012 21:22:03 INFO  [com.konakartadmin.bl.KKAdminBase] Initialising KKAdmin Engine for store store1
26.11.2012 21:22:37 INFO  [com.konakartadmin.ws.KKAdminEngineMgr] Create: com.konakartadmin.bl.KKAdmin using AdminEngineConfig constructor for store 'store1'
26.11.2012 21:22:37 INFO  [com.konakartadmin.bl.KKAdminBase] Initialising KKAdmin Engine for store store1
26.11.2012 21:23:42 INFO  [com.konakartadmin.ws.KKAdminEngineMgr] Create: com.konakartadmin.bl.KKAdmin using AdminEngineConfig constructor for store 'store1'
26.11.2012 21:23:42 INFO  [com.konakartadmin.bl.KKAdminBase] Initialising KKAdmin Engine for store store1
26.11.2012 21:25:18 INFO  [com.konakartadmin.ws.KKAdminEngineMgr] Create: com.konakartadmin.bl.KKAdmin using AdminEngineConfig constructor for store 'store1'
26.11.2012 21:25:18 INFO  [com.konakartadmin.bl.KKAdminBase] Initialising KKAdmin Engine for store store1
26.11.2012 21:56:16 INFO  [org.onehippo.forge.jcrrunner.Runner] Runner starting.
26.11.2012 21:56:16 INFO  [org.onehippo.forge.jcrrunner.plugins.AbstractRunnerPlugin] Starting plugin createproductsplugin
26.11.2012 21:56:16 INFO  [org.onehippo.forge.jcrrunner.JcrHelper] Connecting to Hippo Repository at 'null' : 
26.11.2012 21:57:20 INFO  [com.konakartadmin.ws.KKAdminEngineMgr] Create: com.konakartadmin.bl.KKAdmin using AdminEngineConfig constructor for store 'store1'
26.11.2012 21:57:20 INFO  [com.konakartadmin.bl.KKAdminBase] Initialising KKAdmin Engine for store store1
26.11.2012 21:57:52 INFO  [com.konakartadmin.ws.KKAdminEngineMgr] Create: com.konakartadmin.bl.KKAdmin using AdminEngineConfig constructor for store 'store1'
26.11.2012 21:57:52 INFO  [com.konakartadmin.bl.KKAdminBase] Initialising KKAdmin Engine for store store1
26.11.2012 21:58:16 INFO  [com.konakartadmin.ws.KKAdminEngineMgr] Create: com.konakartadmin.bl.KKAdmin using AdminEngineConfig constructor for store 'store1'
26.11.2012 21:58:16 INFO  [com.konakartadmin.bl.KKAdminBase] Initialising KKAdmin Engine for store store1
26.11.2012 22:13:31 INFO  [com.konakartadmin.ws.KKAdminEngineMgr] Create: com.konakartadmin.bl.KKAdmin using AdminEngineConfig constructor for store 'store1'
26.11.2012 22:13:31 INFO  [com.konakartadmin.bl.KKAdminBase] Initialising KKAdmin Engine for store store1
26.11.2012 22:15:54 INFO  [com.konakartadmin.ws.KKAdminEngineMgr] Create: com.konakartadmin.bl.KKAdmin using AdminEngineConfig constructor for store 'store1'
26.11.2012 22:15:54 INFO  [com.konakartadmin.bl.KKAdminBase] Initialising KKAdmin Engine for store store1
26.11.2012 22:21:07 INFO  [com.konakartadmin.ws.KKAdminEngineMgr] Create: com.konakartadmin.bl.KKAdmin using AdminEngineConfig constructor for store 'store1'
26.11.2012 22:21:07 INFO  [com.konakartadmin.bl.KKAdminBase] Initialising KKAdmin Engine for store store1
26.11.2012 22:22:33 INFO  [com.konakartadmin.ws.KKAdminEngineMgr] Create: com.konakartadmin.bl.KKAdmin using AdminEngineConfig constructor for store 'store1'
26.11.2012 22:22:33 INFO  [com.konakartadmin.bl.KKAdminBase] Initialising KKAdmin Engine for store store1
26.11.2012 22:24:50 INFO  [com.konakartadmin.ws.KKAdminEngineMgr] Create: com.konakartadmin.bl.KKAdmin using AdminEngineConfig constructor for store 'store1'
26.11.2012 22:24:50 INFO  [com.konakartadmin.bl.KKAdminBase] Initialising KKAdmin Engine for store store1
26.11.2012 22:25:13 INFO  [com.konakartadmin.ws.KKAdminEngineMgr] Create: com.konakartadmin.bl.KKAdmin using AdminEngineConfig constructor for store 'store1'
26.11.2012 22:25:13 INFO  [com.konakartadmin.bl.KKAdminBase] Initialising KKAdmin Engine for store store1
26.11.2012 22:27:24 INFO  [com.konakartadmin.ws.KKAdminEngineMgr] Create: com.konakartadmin.bl.KKAdmin using AdminEngineConfig constructor for store 'store1'
26.11.2012 22:27:24 INFO  [com.konakartadmin.bl.KKAdminBase] Initialising KKAdmin Engine for store store1
26.11.2012 22:29:53 INFO  [com.konakartadmin.ws.KKAdminEngineMgr] Create: com.konakartadmin.bl.KKAdmin using AdminEngineConfig constructor for store 'store1'
26.11.2012 22:29:53 INFO  [com.konakartadmin.bl.KKAdminBase] Initialising KKAdmin Engine for store store1
26.11.2012 22:30:19 INFO  [com.konakartadmin.ws.KKAdminEngineMgr] Create: com.konakartadmin.bl.KKAdmin using AdminEngineConfig constructor for store 'store1'
26.11.2012 22:30:19 INFO  [com.konakartadmin.bl.KKAdminBase] Initialising KKAdmin Engine for store store1
26.11.2012 22:52:49 INFO  [com.konakartadmin.ws.KKAdminEngineMgr] Create: com.konakartadmin.bl.KKAdmin using AdminEngineConfig constructor for store 'store1'
26.11.2012 22:52:49 INFO  [com.konakartadmin.bl.KKAdminBase] Initialising KKAdmin Engine for store store1
26.11.2012 22:58:54 INFO  [com.konakartadmin.ws.KKAdminEngineMgr] Create: com.konakartadmin.bl.KKAdmin using AdminEngineConfig constructor for store 'store1'
26.11.2012 22:58:54 INFO  [com.konakartadmin.bl.KKAdminBase] Initialising KKAdmin Engine for store store1
26.11.2012 23:00:12 INFO  [com.konakartadmin.ws.KKAdminEngineMgr] Create: com.konakartadmin.bl.KKAdmin using AdminEngineConfig constructor for store 'store1'
26.11.2012 23:00:12 INFO  [com.konakartadmin.bl.KKAdminBase] Initialising KKAdmin Engine for store store1
26.11.2012 23:16:51 INFO  [com.konakartadmin.ws.KKAdminEngineMgr] Create: com.konakartadmin.bl.KKAdmin using AdminEngineConfig constructor for store 'store1'
26.11.2012 23:16:51 INFO  [com.konakartadmin.bl.KKAdminBase] Initialising KKAdmin Engine for store store1
26.11.2012 23:19:46 INFO  [com.konakartadmin.ws.KKAdminEngineMgr] Create: com.konakartadmin.bl.KKAdmin using AdminEngineConfig constructor for store 'store1'
26.11.2012 23:19:46 INFO  [com.konakartadmin.bl.KKAdminBase] Initialising KKAdmin Engine for store store1
26.11.2012 23:21:10 INFO  [com.konakartadmin.ws.KKAdminEngineMgr] Create: com.konakartadmin.bl.KKAdmin using AdminEngineConfig constructor for store 'store1'
26.11.2012 23:21:10 INFO  [com.konakartadmin.bl.KKAdminBase] Initialising KKAdmin Engine for store store1
26.11.2012 23:22:11 INFO  [com.konakartadmin.ws.KKAdminEngineMgr] Create: com.konakartadmin.bl.KKAdmin using AdminEngineConfig constructor for store 'store1'
26.11.2012 23:22:11 INFO  [com.konakartadmin.bl.KKAdminBase] Initialising KKAdmin Engine for store store1
26.11.2012 23:24:18 INFO  [com.konakartadmin.ws.KKAdminEngineMgr] Create: com.konakartadmin.bl.KKAdmin using AdminEngineConfig constructor for store 'store1'
26.11.2012 23:24:18 INFO  [com.konakartadmin.bl.KKAdminBase] Initialising KKAdmin Engine for store store1
26.11.2012 23:25:15 INFO  [com.konakartadmin.ws.KKAdminEngineMgr] Create: com.konakartadmin.bl.KKAdmin using AdminEngineConfig constructor for store 'store1'
26.11.2012 23:25:15 INFO  [com.konakartadmin.bl.KKAdminBase] Initialising KKAdmin Engine for store store1
27.11.2012 14:30:10 INFO  [com.konakartadmin.ws.KKAdminEngineMgr] Create: com.konakartadmin.bl.KKAdmin using AdminEngineConfig constructor for store 'store1'
27.11.2012 14:30:10 INFO  [com.konakartadmin.bl.KKAdminBase] Initialising KKAdmin Engine for store store1
27.11.2012 14:32:00 INFO  [com.konakartadmin.ws.KKAdminEngineMgr] Create: com.konakartadmin.bl.KKAdmin using AdminEngineConfig constructor for store 'store1'
27.11.2012 14:32:00 INFO  [com.konakartadmin.bl.KKAdminBase] Initialising KKAdmin Engine for store store1
27.11.2012 14:52:53 INFO  [com.konakartadmin.ws.KKAdminEngineMgr] Create: com.konakartadmin.bl.KKAdmin using AdminEngineConfig constructor for store 'store1'
27.11.2012 14:52:53 INFO  [com.konakartadmin.bl.KKAdminBase] Initialising KKAdmin Engine for store store1
